<?xml version="1.0" encoding="UTF-8"?>
<coverage generated="1688165381617" clover="3.2.0">
  <project timestamp="1688165381617" name="All files">
    <metrics statements="4" coveredstatements="3" conditionals="0" coveredconditionals="0" methods="3" coveredmethods="1" elements="7" coveredelements="4" complexity="0" loc="4" ncloc="4" packages="2" files="2" classes="2"/>
    <package name=".jest.mocks">
      <metrics statements="1" coveredstatements="1" conditionals="0" coveredconditionals="0" methods="0" coveredmethods="0"/>
      <file name="fileMock.js" path="C:\Users\Gabriel\Documents\dev\gablab\ed3-testing-squad\.jest\mocks\fileMock.js">
        <metrics statements="1" coveredstatements="1" conditionals="0" coveredconditionals="0" methods="0" coveredmethods="0"/>
        <line num="1" count="2" type="stmt"/>
      </file>
    </package>
    <package name="src">
      <metrics statements="3" coveredstatements="2" conditionals="0" coveredconditionals="0" methods="3" coveredmethods="1"/>
      <file name="App.jsx" path="C:\Users\Gabriel\Documents\dev\gablab\ed3-testing-squad\src\App.jsx">
        <metrics statements="3" coveredstatements="2" conditionals="0" coveredconditionals="0" methods="3" coveredmethods="1"/>
        <line num="7" count="3" type="stmt"/>
        <line num="9" count="3" type="stmt"/>
        <line num="21" count="0" type="stmt"/>
      </file>
    </package>
  </project>
</coverage>
