{"C:\\Users\\Gabriel\\Documents\\dev\\gablab\\ed3-testing-squad\\.jest\\mocks\\fileMock.js": {"path":"C:\\Users\\Gabriel\\Documents\\dev\\gablab\\ed3-testing-squad\\.jest\\mocks\\fileMock.js","statementMap":{"0":{"start":{"line":1,"column":0},"end":{"line":1,"column":33}}},"fnMap":{},"branchMap":{},"s":{"0":2},"f":{},"b":{},"_coverageSchema":"1a1c01bbd47fc00a2c39e90264f33305004495a9","hash":"490f0feb5982c67e18b9bc15318b6a208de69801"}
,"C:\\Users\\Gabriel\\Documents\\dev\\gablab\\ed3-testing-squad\\src\\App.jsx": {"path":"C:\\Users\\Gabriel\\Documents\\dev\\gablab\\ed3-testing-squad\\src\\App.jsx","statementMap":{"0":{"start":{"line":7,"column":28},"end":{"line":7,"column":39}},"1":{"start":{"line":9,"column":2},"end":{"line":32,"column":3}},"2":{"start":{"line":21,"column":60},"end":{"line":21,"column":90}},"3":{"start":{"line":21,"column":80},"end":{"line":21,"column":89}}},"fnMap":{"0":{"name":"App","decl":{"start":{"line":6,"column":9},"end":{"line":6,"column":12}},"loc":{"start":{"line":6,"column":15},"end":{"line":33,"column":1}},"line":6},"1":{"name":"(anonymous_1)","decl":{"start":{"line":21,"column":54},"end":{"line":21,"column":55}},"loc":{"start":{"line":21,"column":60},"end":{"line":21,"column":90}},"line":21},"2":{"name":"(anonymous_2)","decl":{"start":{"line":21,"column":69},"end":{"line":21,"column":70}},"loc":{"start":{"line":21,"column":80},"end":{"line":21,"column":89}},"line":21}},"branchMap":{},"s":{"0":3,"1":3,"2":0,"3":0},"f":{"0":3,"1":0,"2":0},"b":{},"_coverageSchema":"1a1c01bbd47fc00a2c39e90264f33305004495a9","hash":"51f5cc454d4862ae386bfc7b64dfbfbf772969fc"}
}
